<?xml version="1.0" encoding="UTF-8"?>
<!-- Generated by org.testng.reporters.JUnitReportReporter -->
<testsuite skipped="0" hostname="Dipesh-PC" name="Interview.DataProviderAndTestAnnotationsInDiffClass_2" tests="4" failures="0" timestamp="17 Jan 2020 02:26:47 GMT" time="0.036" errors="0">
  <testcase name="testMethod" time="0.022" classname="Interview.DataProviderAndTestAnnotationsInDiffClass_2"/>
  <testcase name="testMethod" time="0.005" classname="Interview.DataProviderAndTestAnnotationsInDiffClass_2"/>
  <testcase name="testMethod" time="0.005" classname="Interview.DataProviderAndTestAnnotationsInDiffClass_2"/>
  <testcase name="testMethod" time="0.004" classname="Interview.DataProviderAndTestAnnotationsInDiffClass_2"/>
</testsuite> <!-- Interview.DataProviderAndTestAnnotationsInDiffClass_2 -->
