<?xml version="1.0" encoding="UTF-8"?>
<!-- Generated by org.testng.reporters.JUnitReportReporter -->
<testsuite skipped="0" hostname="Dipesh-PC" name="test.AccessVaribleFromDiffClassLocatedInDiffPackage" tests="1" failures="0" timestamp="02 Dec 2019 04:48:51 GMT" time="0.036" errors="0">
  <testcase name="thisIsHowUcanAccessVaribleFromDiffClassLocatedInDiffPackage" time="0.036" classname="test.AccessVaribleFromDiffClassLocatedInDiffPackage"/>
</testsuite> <!-- test.AccessVaribleFromDiffClassLocatedInDiffPackage -->
