<?xml version="1.0" encoding="UTF-8"?>
<!-- Generated by org.testng.reporters.JUnitReportReporter -->
<testsuite skipped="0" hostname="Dipesh-PC" name="demo.TestNGDependencyDemo" tests="3" failures="0" timestamp="2020-02-03T22:05:58 PST" time="0.049" errors="0">
  <testcase name="test2" time="0.039" classname="demo.TestNGDependencyDemo"/>
  <system-out/>
  <testcase name="test3" time="0.004" classname="demo.TestNGDependencyDemo"/>
  <system-out/>
  <testcase name="test1" time="0.006" classname="demo.TestNGDependencyDemo"/>
  <system-out/>
</testsuite> <!-- demo.TestNGDependencyDemo -->
