<?xml version="1.0" encoding="UTF-8"?>
<!-- Generated by org.testng.reporters.JUnitReportReporter -->
<testsuite skipped="1" hostname="Dipesh-PC" name="utils.ExcelDataProvider" tests="1" failures="0" timestamp="18 Jan 2020 03:25:38 GMT" time="0.000" errors="0">
  <testcase name="test1" time="0.000" classname="utils.ExcelDataProvider">
    <skipped/>
  </testcase> <!-- test1 -->
</testsuite> <!-- utils.ExcelDataProvider -->
