<?xml version="1.0" encoding="UTF-8"?>
<!-- Generated by org.testng.reporters.JUnitReportReporter -->
<testsuite skipped="0" hostname="Dipesh-PC" name="test.TestNG_Demo2" tests="3" failures="0" timestamp="27 Dec 2019 04:10:02 GMT" time="14.909" errors="0">
  <testcase name="googleSearch3" time="7.611" classname="test.TestNG_Demo2"/>
  <testcase name="chk" time="0.012" classname="test.TestNG_Demo2"/>
  <testcase name="googleSearch2" time="7.286" classname="test.TestNG_Demo2"/>
</testsuite> <!-- test.TestNG_Demo2 -->
