<?xml version="1.0" encoding="UTF-8"?>
<!-- Generated by org.testng.reporters.JUnitReportReporter -->
<testsuite skipped="1" hostname="Dipesh-PC" name="interview.TestNGIgnoringTestsDemo" tests="3" failures="0" timestamp="2020-02-05T16:50:19 PST" time="0.032" errors="0">
  <testcase name="test2" time="0.032" classname="interview.TestNGIgnoringTestsDemo"/>
  <system-out/>
  <testcase name="test3" time="0.000" classname="interview.TestNGIgnoringTestsDemo"/>
  <system-out/>
  <testcase name="test1" classname="interview.TestNGIgnoringTestsDemo">
    <skipped/>
  </testcase> <!-- test1 -->
  <system-out/>
</testsuite> <!-- interview.TestNGIgnoringTestsDemo -->
