<?xml version="1.0" encoding="UTF-8"?>
<!-- Generated by org.testng.reporters.JUnitReportReporter -->
<testsuite skipped="0" hostname="Dipesh-PC" name="pages.AccessVaribleFromDiffClassLocatedInDiffPackage" tests="1" failures="0" timestamp="02 Dec 2019 05:01:05 GMT" time="0.037" errors="0">
  <testcase name="thisIsHowUcanAccessVaribleFromDiffClassLocatedInDiffPackage" time="0.037" classname="pages.AccessVaribleFromDiffClassLocatedInDiffPackage"/>
</testsuite> <!-- pages.AccessVaribleFromDiffClassLocatedInDiffPackage -->
