<?xml version="1.0" encoding="UTF-8"?>
<!-- Generated by org.testng.reporters.JUnitReportReporter -->
<testsuite skipped="0" hostname="Dipesh-PC" name="Interview.DataProviderInTestNG_1" tests="4" failures="0" timestamp="17 Jan 2020 01:07:34 GMT" time="0.042" errors="0">
  <testcase name="testMethod" time="0.005" classname="Interview.DataProviderInTestNG_1"/>
  <testcase name="testMethod" time="0.005" classname="Interview.DataProviderInTestNG_1"/>
  <testcase name="testMethod" time="0.007" classname="Interview.DataProviderInTestNG_1"/>
  <testcase name="testMethod" time="0.025" classname="Interview.DataProviderInTestNG_1"/>
</testsuite> <!-- Interview.DataProviderInTestNG_1 -->
