<?xml version="1.0" encoding="UTF-8"?>
<!-- Generated by org.testng.reporters.JUnitReportReporter -->
<testsuite skipped="0" hostname="Dipesh-PC" name="pages.TestHomePage" tests="1" failures="0" timestamp="26 Nov 2019 05:33:34 GMT" time="10.432" errors="0">
  <testcase name="TestRadioButton" time="10.432" classname="pages.TestHomePage"/>
</testsuite> <!-- pages.TestHomePage -->
