<?xml version="1.0" encoding="UTF-8"?>
<!-- Generated by org.testng.reporters.JUnitReportReporter -->
<testsuite skipped="0" hostname="Dipesh-PC" name="interview.DataProviderInTestNG" tests="3" failures="0" timestamp="18 Jan 2020 22:24:47 GMT" time="0.040" errors="0">
  <testcase name="setData" time="0.005" classname="interview.DataProviderInTestNG"/>
  <testcase name="setData" time="0.005" classname="interview.DataProviderInTestNG"/>
  <testcase name="setData" time="0.030" classname="interview.DataProviderInTestNG"/>
</testsuite> <!-- interview.DataProviderInTestNG -->
