<?xml version="1.0" encoding="UTF-8"?>
<!-- Generated by org.testng.reporters.JUnitReportReporter -->
<testsuite skipped="0" hostname="Dipesh-PC" name="Interview.DataProviderAndTestAnnotationsInDiffClasses_2" tests="4" failures="0" timestamp="17 Jan 2020 02:24:36 GMT" time="0.035" errors="0">
  <testcase name="testMethod" time="0.023" classname="Interview.DataProviderAndTestAnnotationsInDiffClasses_2"/>
  <testcase name="testMethod" time="0.004" classname="Interview.DataProviderAndTestAnnotationsInDiffClasses_2"/>
  <testcase name="testMethod" time="0.004" classname="Interview.DataProviderAndTestAnnotationsInDiffClasses_2"/>
  <testcase name="testMethod" time="0.004" classname="Interview.DataProviderAndTestAnnotationsInDiffClasses_2"/>
</testsuite> <!-- Interview.DataProviderAndTestAnnotationsInDiffClasses_2 -->
