<?xml version="1.0" encoding="UTF-8"?>
<!-- Generated by org.testng.reporters.JUnitReportReporter -->
<testsuite skipped="0" hostname="Dipesh-PC" name="test.ExtentReportsDemoWithTestNG" tests="2" failures="0" timestamp="02 Dec 2019 05:44:27 GMT" time="1.681" errors="0">
  <testcase name="test1" time="1.676" classname="test.ExtentReportsDemoWithTestNG"/>
  <testcase name="test2" time="0.005" classname="test.ExtentReportsDemoWithTestNG"/>
</testsuite> <!-- test.ExtentReportsDemoWithTestNG -->
