<?xml version="1.0" encoding="UTF-8"?>
<!-- Generated by org.testng.reporters.JUnitReportReporter -->
<testsuite skipped="0" hostname="Dipesh-PC" name="test.TestNG_Demo" tests="2" failures="0" timestamp="27 Dec 2019 04:10:02 GMT" time="5.445" errors="0">
  <testcase name="googleSearch" time="5.429" classname="test.TestNG_Demo"/>
  <testcase name="chk" time="0.016" classname="test.TestNG_Demo"/>
</testsuite> <!-- test.TestNG_Demo -->
