<?xml version="1.0" encoding="UTF-8"?>
<!-- Generated by org.testng.reporters.JUnitReportReporter -->
<testsuite skipped="0" hostname="Dipesh-PC" name="interview.Grouping_TestNGGroups_HowToGroupTestsInTestNG" tests="4" failures="0" timestamp="2020-02-03T21:32:36 PST" time="0.011" errors="0">
  <testcase name="test3" time="0.003" classname="interview.Grouping_TestNGGroups_HowToGroupTestsInTestNG"/>
  <system-out/>
  <testcase name="test2" time="0.002" classname="interview.Grouping_TestNGGroups_HowToGroupTestsInTestNG"/>
  <system-out/>
  <testcase name="test4" time="0.003" classname="interview.Grouping_TestNGGroups_HowToGroupTestsInTestNG"/>
  <system-out/>
  <testcase name="test1" time="0.003" classname="interview.Grouping_TestNGGroups_HowToGroupTestsInTestNG"/>
  <system-out/>
</testsuite> <!-- interview.Grouping_TestNGGroups_HowToGroupTestsInTestNG -->
