<?xml version="1.0" encoding="UTF-8"?>
<!-- Generated by org.testng.reporters.JUnitReportReporter -->
<testsuite skipped="0" hostname="Dipesh-PC" name="demo.t" tests="1" failures="0" timestamp="2020-02-03T20:41:47 PST" time="0.023" errors="0">
  <testcase name="tt" time="0.023" classname="demo.t"/>
  <system-out/>
</testsuite> <!-- demo.t -->
